c:\users\tavares\onedrive\documentos\github\trabalho_de_eda\trabalho_eda\trabalho_eda\x64\debug\vc143.pdb
c:\users\tavares\onedrive\documentos\github\trabalho_de_eda\trabalho_eda\trabalho_eda\x64\debug\vc143.idb
c:\users\tavares\onedrive\documentos\github\trabalho_de_eda\trabalho_eda\trabalho_eda\x64\debug\t_operacoes.obj
c:\users\tavares\onedrive\documentos\github\trabalho_de_eda\trabalho_eda\trabalho_eda\x64\debug\t_metodos.obj
c:\users\tavares\onedrive\documentos\github\trabalho_de_eda\trabalho_eda\trabalho_eda\x64\debug\t_maquinas.obj
c:\users\tavares\onedrive\documentos\github\trabalho_de_eda\trabalho_eda\trabalho_eda\x64\debug\t_main.obj
c:\users\tavares\onedrive\documentos\github\trabalho_de_eda\trabalho_eda\trabalho_eda\x64\debug\t_jobs.obj
c:\users\tavares\onedrive\documentos\github\trabalho_de_eda\trabalho_eda\trabalho_eda\x64\debug\t_funcoes.obj
c:\users\tavares\onedrive\documentos\github\trabalho_de_eda\trabalho_eda\trabalho_eda\x64\debug\trabalho_eda.ilk
c:\users\tavares\onedrive\documentos\github\trabalho_de_eda\trabalho_eda\x64\debug\fase_1.pdb
c:\users\tavares\onedrive\documentos\github\trabalho_de_eda\trabalho_eda\trabalho_eda\x64\debug\fase_1.tlog\cl.command.1.tlog
c:\users\tavares\onedrive\documentos\github\trabalho_de_eda\trabalho_eda\trabalho_eda\x64\debug\fase_1.tlog\cl.read.1.tlog
c:\users\tavares\onedrive\documentos\github\trabalho_de_eda\trabalho_eda\trabalho_eda\x64\debug\fase_1.tlog\cl.write.1.tlog
c:\users\tavares\onedrive\documentos\github\trabalho_de_eda\trabalho_eda\trabalho_eda\x64\debug\fase_1.tlog\link-cvtres.read.1.tlog
c:\users\tavares\onedrive\documentos\github\trabalho_de_eda\trabalho_eda\trabalho_eda\x64\debug\fase_1.tlog\link-cvtres.write.1.tlog
c:\users\tavares\onedrive\documentos\github\trabalho_de_eda\trabalho_eda\trabalho_eda\x64\debug\fase_1.tlog\link-rc.read.1.tlog
c:\users\tavares\onedrive\documentos\github\trabalho_de_eda\trabalho_eda\trabalho_eda\x64\debug\fase_1.tlog\link-rc.write.1.tlog
c:\users\tavares\onedrive\documentos\github\trabalho_de_eda\trabalho_eda\trabalho_eda\x64\debug\fase_1.tlog\link.command.1.tlog
c:\users\tavares\onedrive\documentos\github\trabalho_de_eda\trabalho_eda\trabalho_eda\x64\debug\fase_1.tlog\link.read.1.tlog
c:\users\tavares\onedrive\documentos\github\trabalho_de_eda\trabalho_eda\trabalho_eda\x64\debug\fase_1.tlog\link.read.2.tlog
c:\users\tavares\onedrive\documentos\github\trabalho_de_eda\trabalho_eda\trabalho_eda\x64\debug\fase_1.tlog\link.write.1.tlog
