c:\users\tavares\onedrive\documentos\github\trabalho_de_eda\trabalho_eda\trabalho_eda\x64\debug\vc143.pdb
c:\users\tavares\onedrive\documentos\github\trabalho_de_eda\trabalho_eda\trabalho_eda\x64\debug\vc143.idb
c:\users\tavares\onedrive\documentos\github\trabalho_de_eda\trabalho_eda\trabalho_eda\x64\debug\t_metodos.obj
c:\users\tavares\onedrive\documentos\github\trabalho_de_eda\trabalho_eda\trabalho_eda\x64\debug\t_interface.obj
c:\users\tavares\onedrive\documentos\github\trabalho_de_eda\trabalho_eda\trabalho_eda\x64\debug\t_funcoes.obj
c:\users\tavares\onedrive\documentos\github\trabalho_de_eda\trabalho_eda\trabalho_eda\x64\debug\t_debug.obj
c:\users\tavares\onedrive\documentos\github\trabalho_de_eda\trabalho_eda\trabalho_eda\x64\debug\t_main.obj
c:\users\tavares\onedrive\documentos\github\trabalho_de_eda\trabalho_eda\trabalho_eda\x64\debug\t_operacoes.obj
c:\users\tavares\onedrive\documentos\github\trabalho_de_eda\trabalho_eda\trabalho_eda\x64\debug\t_maquinas.obj
c:\users\tavares\onedrive\documentos\github\trabalho_de_eda\trabalho_eda\trabalho_eda\x64\debug\t_jobs.obj
c:\users\tavares\onedrive\documentos\github\trabalho_de_eda\trabalho_eda\x64\debug\trabalho_eda.exe
c:\users\tavares\onedrive\documentos\github\trabalho_de_eda\trabalho_eda\trabalho_eda\x64\debug\trabalho_eda.ilk
c:\users\tavares\onedrive\documentos\github\trabalho_de_eda\trabalho_eda\x64\debug\trabalho_eda.pdb
c:\users\tavares\onedrive\documentos\github\trabalho_de_eda\trabalho_eda\trabalho_eda\x64\debug\t_manipulacao_de_ficheiros.obj
c:\users\tavares\onedrive\documentos\github\trabalho_de_eda\trabalho_eda\trabalho_eda\x64\debug\trabalho_eda.tlog\cl.command.1.tlog
c:\users\tavares\onedrive\documentos\github\trabalho_de_eda\trabalho_eda\trabalho_eda\x64\debug\trabalho_eda.tlog\cl.read.1.tlog
c:\users\tavares\onedrive\documentos\github\trabalho_de_eda\trabalho_eda\trabalho_eda\x64\debug\trabalho_eda.tlog\cl.write.1.tlog
c:\users\tavares\onedrive\documentos\github\trabalho_de_eda\trabalho_eda\trabalho_eda\x64\debug\trabalho_eda.tlog\link-cvtres.read.1.tlog
c:\users\tavares\onedrive\documentos\github\trabalho_de_eda\trabalho_eda\trabalho_eda\x64\debug\trabalho_eda.tlog\link-cvtres.write.1.tlog
c:\users\tavares\onedrive\documentos\github\trabalho_de_eda\trabalho_eda\trabalho_eda\x64\debug\trabalho_eda.tlog\link-rc.read.1.tlog
c:\users\tavares\onedrive\documentos\github\trabalho_de_eda\trabalho_eda\trabalho_eda\x64\debug\trabalho_eda.tlog\link-rc.write.1.tlog
c:\users\tavares\onedrive\documentos\github\trabalho_de_eda\trabalho_eda\trabalho_eda\x64\debug\trabalho_eda.tlog\link.10156-cvtres.read.1.tlog
c:\users\tavares\onedrive\documentos\github\trabalho_de_eda\trabalho_eda\trabalho_eda\x64\debug\trabalho_eda.tlog\link.10156-cvtres.write.1.tlog
c:\users\tavares\onedrive\documentos\github\trabalho_de_eda\trabalho_eda\trabalho_eda\x64\debug\trabalho_eda.tlog\link.10156-rc.read.1.tlog
c:\users\tavares\onedrive\documentos\github\trabalho_de_eda\trabalho_eda\trabalho_eda\x64\debug\trabalho_eda.tlog\link.10156-rc.write.1.tlog
c:\users\tavares\onedrive\documentos\github\trabalho_de_eda\trabalho_eda\trabalho_eda\x64\debug\trabalho_eda.tlog\link.10156.read.1.tlog
c:\users\tavares\onedrive\documentos\github\trabalho_de_eda\trabalho_eda\trabalho_eda\x64\debug\trabalho_eda.tlog\link.10156.read.2.tlog
c:\users\tavares\onedrive\documentos\github\trabalho_de_eda\trabalho_eda\trabalho_eda\x64\debug\trabalho_eda.tlog\link.10156.write.1.tlog
c:\users\tavares\onedrive\documentos\github\trabalho_de_eda\trabalho_eda\trabalho_eda\x64\debug\trabalho_eda.tlog\link.command.1.tlog
c:\users\tavares\onedrive\documentos\github\trabalho_de_eda\trabalho_eda\trabalho_eda\x64\debug\trabalho_eda.tlog\link.read.1.tlog
c:\users\tavares\onedrive\documentos\github\trabalho_de_eda\trabalho_eda\trabalho_eda\x64\debug\trabalho_eda.tlog\link.read.2.tlog
c:\users\tavares\onedrive\documentos\github\trabalho_de_eda\trabalho_eda\trabalho_eda\x64\debug\trabalho_eda.tlog\link.write.1.tlog
