C:\Program Files\Microsoft Visual Studio\2022\Community\MSBuild\Microsoft\VC\v170\Microsoft.CppBuild.targets(510,5): warning MSB8028: The intermediate directory (x64\Debug\) contains files shared from another project (Trabalho_EDA.vcxproj).  This can lead to incorrect clean and rebuild behavior.
  T_Funcoes.c
C:\Users\JoaoMacieira\Desktop\Github\Trabalho_de_EDA\Trabalho_EDA\Trabalho_EDA\T_Funcoes.c(24,28): warning C4047: 'return': 'short' differs in levels of indirection from 'void *'
C:\Users\JoaoMacieira\Desktop\Github\Trabalho_de_EDA\Trabalho_EDA\Trabalho_EDA\T_Funcoes.c(45,28): warning C4047: 'return': 'short' differs in levels of indirection from 'void *'
C:\Users\JoaoMacieira\Desktop\Github\Trabalho_de_EDA\Trabalho_EDA\Trabalho_EDA\T_Funcoes.c(67,28): warning C4047: 'return': 'short' differs in levels of indirection from 'void *'
  T_Jobs.c
  T_Main.c
C:\Users\JoaoMacieira\Desktop\Github\Trabalho_de_EDA\Trabalho_EDA\Trabalho_EDA\T_Main.c(69,13): warning C4047: '=': 'j *' differs in levels of indirection from 'j **'
C:\Users\JoaoMacieira\Desktop\Github\Trabalho_de_EDA\Trabalho_EDA\Trabalho_EDA\T_Main.c(25,1): warning C4047: 'initializing': 'j **' differs in levels of indirection from 'j *'
  T_Maquinas.c
  T_Metodos.c
C:\Users\JoaoMacieira\Desktop\Github\Trabalho_de_EDA\Trabalho_EDA\Trabalho_EDA\T_Metodos.c(78,29): warning C4047: 'function': 'int' differs in levels of indirection from 'm *'
C:\Users\JoaoMacieira\Desktop\Github\Trabalho_de_EDA\Trabalho_EDA\Trabalho_EDA\T_Metodos.c(78,28): warning C4024: 't_o_cria_operacao': different types for formal and actual parameter 1
C:\Users\JoaoMacieira\Desktop\Github\Trabalho_de_EDA\Trabalho_EDA\Trabalho_EDA\T_Metodos.c(78,31): warning C4020: 't_o_cria_operacao': too many actual parameters
  T_Operacoes.c
C:\Users\JoaoMacieira\Desktop\Github\Trabalho_de_EDA\Trabalho_EDA\Trabalho_EDA\T_Operacoes.c(44,38): warning C4047: 'function': 'o *' differs in levels of indirection from 'int'
C:\Users\JoaoMacieira\Desktop\Github\Trabalho_de_EDA\Trabalho_EDA\Trabalho_EDA\T_Operacoes.c(44,37): warning C4024: 't_o_inserir_nova_Operacao': different types for formal and actual parameter 2
C:\Users\JoaoMacieira\Desktop\Github\Trabalho_de_EDA\Trabalho_EDA\Trabalho_EDA\T_Operacoes.c(42,5): warning C4101: 'otemp': unreferenced local variable
C:\Users\JoaoMacieira\Desktop\Github\Trabalho_de_EDA\Trabalho_EDA\Trabalho_EDA\T_Operacoes.c(89,38): warning C4047: 'function': 'o *' differs in levels of indirection from 'o **'
C:\Users\JoaoMacieira\Desktop\Github\Trabalho_de_EDA\Trabalho_EDA\Trabalho_EDA\T_Operacoes.c(89,37): warning C4024: 't_o_procurar_Operacao': different types for formal and actual parameter 1
  Generating Code...
C:\Users\JoaoMacieira\Desktop\Github\Trabalho_de_EDA\Trabalho_EDA\Trabalho_EDA\T_Metodos.c(100): warning C4716: 't_j_gerar_jobs_a_partir_de_ficheiros_de_texto': must return a value
C:\Users\JoaoMacieira\Desktop\Github\Trabalho_de_EDA\Trabalho_EDA\Trabalho_EDA\T_Main.c(25): error C4700: uninitialized local variable 'job1' used
